10:58:44 AM  [main] 	Initializing Control Panel
10:58:44 AM  [main] 	Windows Version:  Home  64-bit
10:58:44 AM  [main] 	XAMPP Version: 7.4.3
10:58:44 AM  [main] 	Control Panel Version: 3.2.4  [ Compiled: Jun 5th 2019 ]
10:58:44 AM  [main] 	You are not running with administrator rights! This will work for
10:58:44 AM  [main] 	most application stuff but whenever you do something with services
10:58:44 AM  [main] 	there will be a security dialogue or things will break! So think 
10:58:44 AM  [main] 	about running this application with administrator rights!
10:58:44 AM  [main] 	XAMPP Installation Directory: "c:\xampp\"
10:58:44 AM  [main] 	Checking for prerequisites
10:58:47 AM  [main] 	All prerequisites found
10:58:47 AM  [main] 	Initializing Modules
10:58:47 AM  [main] 	Starting Check-Timer
10:58:47 AM  [main] 	Control Panel Ready
10:58:59 AM  [main] 	Executing "c:\xampp\"
11:13:38 AM  [Apache] 	Attempting to start Apache app...
11:13:38 AM  [Apache] 	Status change detected: running
11:13:39 AM  [mysql] 	Attempting to start MySQL app...
11:13:39 AM  [mysql] 	Status change detected: running
11:14:39 AM  [main] 	Executing "c:\xampp\"
11:53:17 AM  [main] 	Executing "c:\xampp\"
10:16:34 AM  [main] 	Deinitializing Modules
10:16:34 AM  [main] 	Deinitializing Control Panel

5:42:34 PM  [main] 	Initializing Control Panel
5:42:34 PM  [main] 	Windows Version:  Home  64-bit
5:42:34 PM  [main] 	XAMPP Version: 7.4.3
5:42:34 PM  [main] 	Control Panel Version: 3.2.4  [ Compiled: Jun 5th 2019 ]
5:42:34 PM  [main] 	You are not running with administrator rights! This will work for
5:42:34 PM  [main] 	most application stuff but whenever you do something with services
5:42:34 PM  [main] 	there will be a security dialogue or things will break! So think 
5:42:34 PM  [main] 	about running this application with administrator rights!
5:42:34 PM  [main] 	XAMPP Installation Directory: "c:\xampp\"
5:42:34 PM  [main] 	Checking for prerequisites
5:42:37 PM  [main] 	All prerequisites found
5:42:37 PM  [main] 	Initializing Modules
5:42:37 PM  [main] 	Starting Check-Timer
5:42:37 PM  [main] 	Control Panel Ready
5:42:39 PM  [Apache] 	Attempting to start Apache app...
5:42:40 PM  [Apache] 	Status change detected: running
5:42:40 PM  [mysql] 	Attempting to start MySQL app...
5:42:40 PM  [mysql] 	Status change detected: running
5:44:29 PM  [Apache] 	Attempting to stop Apache (PID: 7128)
5:44:29 PM  [Apache] 	Attempting to stop Apache (PID: 17192)
5:44:29 PM  [Apache] 	Status change detected: stopped
10:04:43 AM  [Apache] 	Attempting to start Apache app...
10:04:43 AM  [Apache] 	Status change detected: running
1:56:22 PM  [main] 	Deinitializing Modules
1:56:22 PM  [main] 	Deinitializing Control Panel

7:42:08 PM  [main] 	Initializing Control Panel
7:42:08 PM  [main] 	Windows Version:  Home  64-bit
7:42:08 PM  [main] 	XAMPP Version: 7.4.3
7:42:08 PM  [main] 	Control Panel Version: 3.2.4  [ Compiled: Jun 5th 2019 ]
7:42:08 PM  [main] 	You are not running with administrator rights! This will work for
7:42:08 PM  [main] 	most application stuff but whenever you do something with services
7:42:08 PM  [main] 	there will be a security dialogue or things will break! So think 
7:42:08 PM  [main] 	about running this application with administrator rights!
7:42:08 PM  [main] 	XAMPP Installation Directory: "c:\xampp\"
7:42:08 PM  [main] 	Checking for prerequisites
7:42:11 PM  [main] 	All prerequisites found
7:42:11 PM  [main] 	Initializing Modules
7:42:11 PM  [main] 	Starting Check-Timer
7:42:11 PM  [main] 	Control Panel Ready
7:42:29 PM  [Apache] 	Attempting to start Apache app...
7:42:29 PM  [Apache] 	Status change detected: running
7:42:30 PM  [mysql] 	Attempting to start MySQL app...
7:42:30 PM  [mysql] 	Status change detected: running
7:46:55 PM  [main] 	Executing "c:\xampp\"
8:02:15 PM  [mysql] 	Attempting to stop MySQL app...
8:02:15 PM  [mysql] 	Status change detected: stopped
8:02:17 PM  [mysql] 	Attempting to start MySQL app...
8:02:18 PM  [mysql] 	Status change detected: running
8:15:16 PM  [Apache] 	Attempting to stop Apache (PID: 5260)
8:15:16 PM  [Apache] 	Attempting to stop Apache (PID: 7448)
8:15:16 PM  [Apache] 	Status change detected: stopped
8:15:17 PM  [mysql] 	Attempting to stop MySQL app...
8:15:17 PM  [mysql] 	Status change detected: stopped
8:15:19 PM  [Apache] 	Attempting to start Apache app...
8:15:19 PM  [Apache] 	Status change detected: running
8:15:20 PM  [mysql] 	Attempting to start MySQL app...
8:15:20 PM  [mysql] 	Status change detected: running
8:48:27 PM  [Apache] 	Attempting to stop Apache (PID: 12004)
8:48:27 PM  [Apache] 	Attempting to stop Apache (PID: 16660)
8:48:27 PM  [Apache] 	Status change detected: stopped
8:48:28 PM  [mysql] 	Attempting to stop MySQL app...
8:48:28 PM  [mysql] 	Status change detected: stopped
5:42:40 PM  [Apache] 	Status change detected: running
5:42:41 PM  [mysql] 	Status change detected: running
5:44:29 PM  [Apache] 	Status change detected: stopped
10:04:43 AM  [Apache] 	Status change detected: running
1:56:23 PM  [main] 	Deinitializing Modules
1:56:23 PM  [main] 	Deinitializing Control Panel

4:07:01 PM  [main] 	Initializing Control Panel
4:07:01 PM  [main] 	Windows Version:  Home  64-bit
4:07:01 PM  [main] 	XAMPP Version: 7.4.3
4:07:01 PM  [main] 	Control Panel Version: 3.2.4  [ Compiled: Jun 5th 2019 ]
4:07:01 PM  [main] 	You are not running with administrator rights! This will work for
4:07:01 PM  [main] 	most application stuff but whenever you do something with services
4:07:01 PM  [main] 	there will be a security dialogue or things will break! So think 
4:07:01 PM  [main] 	about running this application with administrator rights!
4:07:01 PM  [main] 	XAMPP Installation Directory: "c:\xampp\"
4:07:01 PM  [main] 	Checking for prerequisites
4:07:04 PM  [main] 	All prerequisites found
4:07:04 PM  [main] 	Initializing Modules
4:07:04 PM  [main] 	Starting Check-Timer
4:07:04 PM  [main] 	Control Panel Ready
4:07:06 PM  [Apache] 	Attempting to start Apache app...
4:07:07 PM  [mysql] 	Attempting to start MySQL app...
4:07:07 PM  [Apache] 	Status change detected: running
4:07:07 PM  [mysql] 	Status change detected: running
5:18:53 PM  [Apache] 	Attempting to stop Apache (PID: 18444)
5:18:53 PM  [Apache] 	Attempting to stop Apache (PID: 16292)
5:18:53 PM  [Apache] 	Status change detected: stopped
5:18:54 PM  [mysql] 	Attempting to stop MySQL app...
5:18:54 PM  [mysql] 	Status change detected: stopped
5:18:54 PM  [Apache] 	Attempting to start Apache app...
5:18:55 PM  [Apache] 	Status change detected: running
5:18:55 PM  [mysql] 	Attempting to start MySQL app...
5:18:55 PM  [mysql] 	Status change detected: running
3:28:18 PM  [main] 	Deinitializing Modules
3:28:18 PM  [main] 	Deinitializing Control Panel

7:10:59 PM  [main] 	Initializing Control Panel
7:10:59 PM  [main] 	Windows Version:  Home  64-bit
7:10:59 PM  [main] 	XAMPP Version: 7.4.3
7:10:59 PM  [main] 	Control Panel Version: 3.2.4  [ Compiled: Jun 5th 2019 ]
7:10:59 PM  [main] 	You are not running with administrator rights! This will work for
7:10:59 PM  [main] 	most application stuff but whenever you do something with services
7:10:59 PM  [main] 	there will be a security dialogue or things will break! So think 
7:10:59 PM  [main] 	about running this application with administrator rights!
7:10:59 PM  [main] 	XAMPP Installation Directory: "c:\xampp\"
7:10:59 PM  [main] 	Checking for prerequisites
7:11:01 PM  [main] 	All prerequisites found
7:11:01 PM  [main] 	Initializing Modules
7:11:01 PM  [main] 	Starting Check-Timer
7:11:01 PM  [main] 	Control Panel Ready
7:11:03 PM  [Apache] 	Attempting to start Apache app...
7:11:05 PM  [mysql] 	Attempting to start MySQL app...
7:11:05 PM  [Apache] 	Status change detected: running
7:11:05 PM  [mysql] 	Status change detected: running
8:37:14 PM  [Apache] 	Attempting to stop Apache (PID: 15544)
8:37:14 PM  [Apache] 	Attempting to stop Apache (PID: 12592)
8:37:14 PM  [Apache] 	Status change detected: stopped
8:37:14 PM  [mysql] 	Attempting to stop MySQL app...
8:37:14 PM  [mysql] 	Status change detected: stopped
11:06:31 PM  [main] 	Deinitializing Modules
11:06:31 PM  [main] 	Deinitializing Control Panel

9:50:44 AM  [main] 	Initializing Control Panel
9:50:44 AM  [main] 	Windows Version:  Home  64-bit
9:50:44 AM  [main] 	XAMPP Version: 7.4.3
9:50:44 AM  [main] 	Control Panel Version: 3.2.4  [ Compiled: Jun 5th 2019 ]
9:50:44 AM  [main] 	You are not running with administrator rights! This will work for
9:50:44 AM  [main] 	most application stuff but whenever you do something with services
9:50:44 AM  [main] 	there will be a security dialogue or things will break! So think 
9:50:44 AM  [main] 	about running this application with administrator rights!
9:50:44 AM  [main] 	XAMPP Installation Directory: "c:\xampp\"
9:50:44 AM  [main] 	Checking for prerequisites
9:50:47 AM  [main] 	All prerequisites found
9:50:47 AM  [main] 	Initializing Modules
9:50:47 AM  [main] 	Starting Check-Timer
9:50:47 AM  [main] 	Control Panel Ready
9:58:35 AM  [Apache] 	Attempting to start Apache app...
9:58:35 AM  [Apache] 	Status change detected: running
9:58:35 AM  [mysql] 	Attempting to start MySQL app...
9:58:36 AM  [mysql] 	Status change detected: running
2:12:24 PM  [main] 	Deinitializing Modules
2:12:24 PM  [main] 	Deinitializing Control Panel

8:45:28 AM  [main] 	Initializing Control Panel
8:45:28 AM  [main] 	Windows Version:  Home  64-bit
8:45:28 AM  [main] 	XAMPP Version: 7.4.3
8:45:28 AM  [main] 	Control Panel Version: 3.2.4  [ Compiled: Jun 5th 2019 ]
8:45:28 AM  [main] 	You are not running with administrator rights! This will work for
8:45:28 AM  [main] 	most application stuff but whenever you do something with services
8:45:28 AM  [main] 	there will be a security dialogue or things will break! So think 
8:45:28 AM  [main] 	about running this application with administrator rights!
8:45:28 AM  [main] 	XAMPP Installation Directory: "c:\xampp\"
8:45:28 AM  [main] 	Checking for prerequisites
8:45:28 AM  [main] 	All prerequisites found
8:45:28 AM  [main] 	Initializing Modules
8:45:28 AM  [main] 	Starting Check-Timer
8:45:28 AM  [main] 	Control Panel Ready
8:45:32 AM  [mysql] 	Attempting to start MySQL app...
8:45:32 AM  [mysql] 	Status change detected: running
8:45:33 AM  [Apache] 	Attempting to start Apache app...
8:45:33 AM  [Apache] 	Status change detected: running
12:13:32 AM  [main] 	Deinitializing Modules
12:13:32 AM  [main] 	Deinitializing Control Panel

