[Mon Mar 23 10:52:44.019597 2020] [ssl:warn] [pid 13204:tid 504] AH01909: www.example.com:443:0 server certificate does NOT include an ID which matches the server name
[Mon Mar 23 10:52:44.155681 2020] [ssl:warn] [pid 13204:tid 504] AH01909: www.example.com:443:0 server certificate does NOT include an ID which matches the server name
PHP Warning:  PHP Startup: Unable to load dynamic library 'pdo_sqlite' (tried: \\xampp\\php\\ext\\pdo_sqlite (The specified module could not be found.), \\xampp\\php\\ext\\php_pdo_sqlite.dll (The specified module could not be found.)) in Unknown on line 0
[Mon Mar 23 10:52:44.449662 2020] [mpm_winnt:notice] [pid 13204:tid 504] AH00455: Apache/2.4.41 (Win64) OpenSSL/1.1.1c PHP/7.4.3 configured -- resuming normal operations
[Mon Mar 23 10:52:44.450543 2020] [mpm_winnt:notice] [pid 13204:tid 504] AH00456: Apache Lounge VC15 Server built: Aug 11 2019 12:20:04
[Mon Mar 23 10:52:44.450715 2020] [core:notice] [pid 13204:tid 504] AH00094: Command line: 'C:\\xampp\\apache\\bin\\httpd.exe -d C:/xampp/apache'
[Mon Mar 23 10:52:44.467492 2020] [mpm_winnt:notice] [pid 13204:tid 504] AH00418: Parent: Created child process 14264
[Mon Mar 23 10:52:45.856490 2020] [ssl:warn] [pid 14264:tid 624] AH01909: www.example.com:443:0 server certificate does NOT include an ID which matches the server name
[Mon Mar 23 10:52:45.995179 2020] [ssl:warn] [pid 14264:tid 624] AH01909: www.example.com:443:0 server certificate does NOT include an ID which matches the server name
PHP Warning:  PHP Startup: Unable to load dynamic library 'pdo_sqlite' (tried: \\xampp\\php\\ext\\pdo_sqlite (The specified module could not be found.), \\xampp\\php\\ext\\php_pdo_sqlite.dll (The specified module could not be found.)) in Unknown on line 0
[Mon Mar 23 10:52:46.076763 2020] [mpm_winnt:notice] [pid 14264:tid 624] AH00354: Child: Starting 150 worker threads.
[Mon Mar 23 11:13:40.210211 2020] [ssl:warn] [pid 5644:tid 560] AH01909: www.example.com:443:0 server certificate does NOT include an ID which matches the server name
[Mon Mar 23 11:13:40.328581 2020] [ssl:warn] [pid 5644:tid 560] AH01909: www.example.com:443:0 server certificate does NOT include an ID which matches the server name
PHP Warning:  PHP Startup: Unable to load dynamic library 'pdo_sqlite' (tried: C:\\xampp\\php\\ext\\pdo_sqlite (The specified module could not be found.), C:\\xampp\\php\\ext\\php_pdo_sqlite.dll (The specified module could not be found.)) in Unknown on line 0
[Mon Mar 23 11:13:40.375454 2020] [mpm_winnt:notice] [pid 5644:tid 560] AH00455: Apache/2.4.41 (Win64) OpenSSL/1.1.1c PHP/7.4.3 configured -- resuming normal operations
[Mon Mar 23 11:13:40.375454 2020] [mpm_winnt:notice] [pid 5644:tid 560] AH00456: Apache Lounge VC15 Server built: Aug 11 2019 12:20:04
[Mon Mar 23 11:13:40.375454 2020] [core:notice] [pid 5644:tid 560] AH00094: Command line: 'c:\\xampp\\apache\\bin\\httpd.exe -d C:/xampp/apache'
[Mon Mar 23 11:13:40.391884 2020] [mpm_winnt:notice] [pid 5644:tid 560] AH00418: Parent: Created child process 9548
[Mon Mar 23 11:13:41.640886 2020] [ssl:warn] [pid 9548:tid 644] AH01909: www.example.com:443:0 server certificate does NOT include an ID which matches the server name
[Mon Mar 23 11:13:41.777696 2020] [ssl:warn] [pid 9548:tid 644] AH01909: www.example.com:443:0 server certificate does NOT include an ID which matches the server name
PHP Warning:  PHP Startup: Unable to load dynamic library 'pdo_sqlite' (tried: C:\\xampp\\php\\ext\\pdo_sqlite (The specified module could not be found.), C:\\xampp\\php\\ext\\php_pdo_sqlite.dll (The specified module could not be found.)) in Unknown on line 0
[Mon Mar 23 11:13:41.863757 2020] [mpm_winnt:notice] [pid 9548:tid 644] AH00354: Child: Starting 150 worker threads.
[Mon Mar 23 11:50:41.976746 2020] [php7:error] [pid 9548:tid 748] [client ::1:55824] script 'C:/xampp/htdocs/test.php' not found or unable to stat
[Tue Mar 24 19:42:31.753923 2020] [ssl:warn] [pid 5260:tid 620] AH01909: www.example.com:443:0 server certificate does NOT include an ID which matches the server name
[Tue Mar 24 19:42:31.868764 2020] [core:warn] [pid 5260:tid 620] AH00098: pid file C:/xampp/apache/logs/httpd.pid overwritten -- Unclean shutdown of previous Apache run?
[Tue Mar 24 19:42:31.873780 2020] [ssl:warn] [pid 5260:tid 620] AH01909: www.example.com:443:0 server certificate does NOT include an ID which matches the server name
PHP Warning:  PHP Startup: Unable to load dynamic library 'pdo_sqlite' (tried: C:\\xampp\\php\\ext\\pdo_sqlite (The specified module could not be found.), C:\\xampp\\php\\ext\\php_pdo_sqlite.dll (The specified module could not be found.)) in Unknown on line 0
[Tue Mar 24 19:42:32.302975 2020] [mpm_winnt:notice] [pid 5260:tid 620] AH00455: Apache/2.4.41 (Win64) OpenSSL/1.1.1c PHP/7.4.3 configured -- resuming normal operations
[Tue Mar 24 19:42:32.302975 2020] [mpm_winnt:notice] [pid 5260:tid 620] AH00456: Apache Lounge VC15 Server built: Aug 11 2019 12:20:04
[Tue Mar 24 19:42:32.302975 2020] [core:notice] [pid 5260:tid 620] AH00094: Command line: 'c:\\xampp\\apache\\bin\\httpd.exe -d C:/xampp/apache'
[Tue Mar 24 19:42:32.314085 2020] [mpm_winnt:notice] [pid 5260:tid 620] AH00418: Parent: Created child process 7448
[Tue Mar 24 19:42:33.537563 2020] [ssl:warn] [pid 7448:tid 616] AH01909: www.example.com:443:0 server certificate does NOT include an ID which matches the server name
[Tue Mar 24 19:42:33.673747 2020] [ssl:warn] [pid 7448:tid 616] AH01909: www.example.com:443:0 server certificate does NOT include an ID which matches the server name
PHP Warning:  PHP Startup: Unable to load dynamic library 'pdo_sqlite' (tried: C:\\xampp\\php\\ext\\pdo_sqlite (The specified module could not be found.), C:\\xampp\\php\\ext\\php_pdo_sqlite.dll (The specified module could not be found.)) in Unknown on line 0
[Tue Mar 24 19:42:33.744862 2020] [mpm_winnt:notice] [pid 7448:tid 616] AH00354: Child: Starting 150 worker threads.
[Tue Mar 24 20:15:20.572564 2020] [ssl:warn] [pid 12004:tid 620] AH01909: www.example.com:443:0 server certificate does NOT include an ID which matches the server name
[Tue Mar 24 20:15:20.649279 2020] [core:warn] [pid 12004:tid 620] AH00098: pid file C:/xampp/apache/logs/httpd.pid overwritten -- Unclean shutdown of previous Apache run?
[Tue Mar 24 20:15:20.652685 2020] [ssl:warn] [pid 12004:tid 620] AH01909: www.example.com:443:0 server certificate does NOT include an ID which matches the server name
PHP Warning:  PHP Startup: Unable to load dynamic library 'pdo_sqlite' (tried: C:\\xampp\\php\\ext\\pdo_sqlite (The specified module could not be found.), C:\\xampp\\php\\ext\\php_pdo_sqlite.dll (The specified module could not be found.)) in Unknown on line 0
[Tue Mar 24 20:15:20.742462 2020] [mpm_winnt:notice] [pid 12004:tid 620] AH00455: Apache/2.4.41 (Win64) OpenSSL/1.1.1c PHP/7.4.3 configured -- resuming normal operations
[Tue Mar 24 20:15:20.742462 2020] [mpm_winnt:notice] [pid 12004:tid 620] AH00456: Apache Lounge VC15 Server built: Aug 11 2019 12:20:04
[Tue Mar 24 20:15:20.742462 2020] [core:notice] [pid 12004:tid 620] AH00094: Command line: 'c:\\xampp\\apache\\bin\\httpd.exe -d C:/xampp/apache'
[Tue Mar 24 20:15:20.760108 2020] [mpm_winnt:notice] [pid 12004:tid 620] AH00418: Parent: Created child process 16660
[Tue Mar 24 20:15:21.760497 2020] [ssl:warn] [pid 16660:tid 604] AH01909: www.example.com:443:0 server certificate does NOT include an ID which matches the server name
[Tue Mar 24 20:15:21.878447 2020] [ssl:warn] [pid 16660:tid 604] AH01909: www.example.com:443:0 server certificate does NOT include an ID which matches the server name
PHP Warning:  PHP Startup: Unable to load dynamic library 'pdo_sqlite' (tried: C:\\xampp\\php\\ext\\pdo_sqlite (The specified module could not be found.), C:\\xampp\\php\\ext\\php_pdo_sqlite.dll (The specified module could not be found.)) in Unknown on line 0
[Tue Mar 24 20:15:21.927989 2020] [mpm_winnt:notice] [pid 16660:tid 604] AH00354: Child: Starting 150 worker threads.
[Sun Apr 05 17:42:41.366917 2020] [ssl:warn] [pid 7128:tid 644] AH01909: www.example.com:443:0 server certificate does NOT include an ID which matches the server name
[Sun Apr 05 17:42:41.457375 2020] [core:warn] [pid 7128:tid 644] AH00098: pid file C:/xampp/apache/logs/httpd.pid overwritten -- Unclean shutdown of previous Apache run?
[Sun Apr 05 17:42:41.460967 2020] [ssl:warn] [pid 7128:tid 644] AH01909: www.example.com:443:0 server certificate does NOT include an ID which matches the server name
PHP Warning:  PHP Startup: Unable to load dynamic library 'pdo_sqlite' (tried: C:\\xampp\\php\\ext\\pdo_sqlite (The specified module could not be found.), C:\\xampp\\php\\ext\\php_pdo_sqlite.dll (The specified module could not be found.)) in Unknown on line 0
[Sun Apr 05 17:42:41.637764 2020] [mpm_winnt:notice] [pid 7128:tid 644] AH00455: Apache/2.4.41 (Win64) OpenSSL/1.1.1c PHP/7.4.3 configured -- resuming normal operations
[Sun Apr 05 17:42:41.637764 2020] [mpm_winnt:notice] [pid 7128:tid 644] AH00456: Apache Lounge VC15 Server built: Aug 11 2019 12:20:04
[Sun Apr 05 17:42:41.637764 2020] [core:notice] [pid 7128:tid 644] AH00094: Command line: 'c:\\xampp\\apache\\bin\\httpd.exe -d C:/xampp/apache'
[Sun Apr 05 17:42:41.641720 2020] [mpm_winnt:notice] [pid 7128:tid 644] AH00418: Parent: Created child process 17192
[Sun Apr 05 17:42:43.033758 2020] [ssl:warn] [pid 17192:tid 636] AH01909: www.example.com:443:0 server certificate does NOT include an ID which matches the server name
[Sun Apr 05 17:42:43.182703 2020] [ssl:warn] [pid 17192:tid 636] AH01909: www.example.com:443:0 server certificate does NOT include an ID which matches the server name
PHP Warning:  PHP Startup: Unable to load dynamic library 'pdo_sqlite' (tried: C:\\xampp\\php\\ext\\pdo_sqlite (The specified module could not be found.), C:\\xampp\\php\\ext\\php_pdo_sqlite.dll (The specified module could not be found.)) in Unknown on line 0
[Sun Apr 05 17:42:43.276960 2020] [mpm_winnt:notice] [pid 17192:tid 636] AH00354: Child: Starting 150 worker threads.
[Mon Apr 06 10:04:44.648711 2020] [ssl:warn] [pid 15676:tid 668] AH01909: www.example.com:443:0 server certificate does NOT include an ID which matches the server name
[Mon Apr 06 10:04:44.781200 2020] [core:warn] [pid 15676:tid 668] AH00098: pid file C:/xampp/apache/logs/httpd.pid overwritten -- Unclean shutdown of previous Apache run?
[Mon Apr 06 10:04:44.784163 2020] [ssl:warn] [pid 15676:tid 668] AH01909: www.example.com:443:0 server certificate does NOT include an ID which matches the server name
PHP Warning:  PHP Startup: Unable to load dynamic library 'pdo_sqlite' (tried: C:\\xampp\\php\\ext\\pdo_sqlite (The specified module could not be found.), C:\\xampp\\php\\ext\\php_pdo_sqlite.dll (The specified module could not be found.)) in Unknown on line 0
[Mon Apr 06 10:04:44.946728 2020] [mpm_winnt:notice] [pid 15676:tid 668] AH00455: Apache/2.4.41 (Win64) OpenSSL/1.1.1c PHP/7.4.3 configured -- resuming normal operations
[Mon Apr 06 10:04:44.946728 2020] [mpm_winnt:notice] [pid 15676:tid 668] AH00456: Apache Lounge VC15 Server built: Aug 11 2019 12:20:04
[Mon Apr 06 10:04:44.946728 2020] [core:notice] [pid 15676:tid 668] AH00094: Command line: 'c:\\xampp\\apache\\bin\\httpd.exe -d C:/xampp/apache'
[Mon Apr 06 10:04:44.950718 2020] [mpm_winnt:notice] [pid 15676:tid 668] AH00418: Parent: Created child process 20976
[Mon Apr 06 10:04:45.882339 2020] [ssl:warn] [pid 20976:tid 616] AH01909: www.example.com:443:0 server certificate does NOT include an ID which matches the server name
[Mon Apr 06 10:04:45.962122 2020] [ssl:warn] [pid 20976:tid 616] AH01909: www.example.com:443:0 server certificate does NOT include an ID which matches the server name
PHP Warning:  PHP Startup: Unable to load dynamic library 'pdo_sqlite' (tried: C:\\xampp\\php\\ext\\pdo_sqlite (The specified module could not be found.), C:\\xampp\\php\\ext\\php_pdo_sqlite.dll (The specified module could not be found.)) in Unknown on line 0
[Mon Apr 06 10:04:46.032934 2020] [mpm_winnt:notice] [pid 20976:tid 616] AH00354: Child: Starting 150 worker threads.
[Fri Apr 10 16:07:09.894019 2020] [ssl:warn] [pid 18444:tid 600] AH01909: www.example.com:443:0 server certificate does NOT include an ID which matches the server name
[Fri Apr 10 16:07:10.022118 2020] [core:warn] [pid 18444:tid 600] AH00098: pid file C:/xampp/apache/logs/httpd.pid overwritten -- Unclean shutdown of previous Apache run?
[Fri Apr 10 16:07:10.027104 2020] [ssl:warn] [pid 18444:tid 600] AH01909: www.example.com:443:0 server certificate does NOT include an ID which matches the server name
PHP Warning:  PHP Startup: Unable to load dynamic library 'pdo_sqlite' (tried: C:\\xampp\\php\\ext\\pdo_sqlite (The specified module could not be found.), C:\\xampp\\php\\ext\\php_pdo_sqlite.dll (The specified module could not be found.)) in Unknown on line 0
[Fri Apr 10 16:07:10.396311 2020] [mpm_winnt:notice] [pid 18444:tid 600] AH00455: Apache/2.4.41 (Win64) OpenSSL/1.1.1c PHP/7.4.3 configured -- resuming normal operations
[Fri Apr 10 16:07:10.396311 2020] [mpm_winnt:notice] [pid 18444:tid 600] AH00456: Apache Lounge VC15 Server built: Aug 11 2019 12:20:04
[Fri Apr 10 16:07:10.396311 2020] [core:notice] [pid 18444:tid 600] AH00094: Command line: 'c:\\xampp\\apache\\bin\\httpd.exe -d C:/xampp/apache'
[Fri Apr 10 16:07:10.423441 2020] [mpm_winnt:notice] [pid 18444:tid 600] AH00418: Parent: Created child process 16292
[Fri Apr 10 16:07:11.836619 2020] [ssl:warn] [pid 16292:tid 612] AH01909: www.example.com:443:0 server certificate does NOT include an ID which matches the server name
[Fri Apr 10 16:07:11.957421 2020] [ssl:warn] [pid 16292:tid 612] AH01909: www.example.com:443:0 server certificate does NOT include an ID which matches the server name
PHP Warning:  PHP Startup: Unable to load dynamic library 'pdo_sqlite' (tried: C:\\xampp\\php\\ext\\pdo_sqlite (The specified module could not be found.), C:\\xampp\\php\\ext\\php_pdo_sqlite.dll (The specified module could not be found.)) in Unknown on line 0
[Fri Apr 10 16:07:12.027090 2020] [mpm_winnt:notice] [pid 16292:tid 612] AH00354: Child: Starting 150 worker threads.
[Fri Apr 10 17:18:56.311883 2020] [ssl:warn] [pid 1076:tid 600] AH01909: www.example.com:443:0 server certificate does NOT include an ID which matches the server name
[Fri Apr 10 17:18:56.442134 2020] [core:warn] [pid 1076:tid 600] AH00098: pid file C:/xampp/apache/logs/httpd.pid overwritten -- Unclean shutdown of previous Apache run?
[Fri Apr 10 17:18:56.446122 2020] [ssl:warn] [pid 1076:tid 600] AH01909: www.example.com:443:0 server certificate does NOT include an ID which matches the server name
PHP Warning:  PHP Startup: Unable to load dynamic library 'pdo_sqlite' (tried: C:\\xampp\\php\\ext\\pdo_sqlite (The specified module could not be found.), C:\\xampp\\php\\ext\\php_pdo_sqlite.dll (The specified module could not be found.)) in Unknown on line 0
[Fri Apr 10 17:18:56.585087 2020] [mpm_winnt:notice] [pid 1076:tid 600] AH00455: Apache/2.4.41 (Win64) OpenSSL/1.1.1c PHP/7.4.3 configured -- resuming normal operations
[Fri Apr 10 17:18:56.585366 2020] [mpm_winnt:notice] [pid 1076:tid 600] AH00456: Apache Lounge VC15 Server built: Aug 11 2019 12:20:04
[Fri Apr 10 17:18:56.585366 2020] [core:notice] [pid 1076:tid 600] AH00094: Command line: 'c:\\xampp\\apache\\bin\\httpd.exe -d C:/xampp/apache'
[Fri Apr 10 17:18:56.591077 2020] [mpm_winnt:notice] [pid 1076:tid 600] AH00418: Parent: Created child process 19696
[Fri Apr 10 17:18:57.746095 2020] [ssl:warn] [pid 19696:tid 604] AH01909: www.example.com:443:0 server certificate does NOT include an ID which matches the server name
[Fri Apr 10 17:18:57.879127 2020] [ssl:warn] [pid 19696:tid 604] AH01909: www.example.com:443:0 server certificate does NOT include an ID which matches the server name
PHP Warning:  PHP Startup: Unable to load dynamic library 'pdo_sqlite' (tried: C:\\xampp\\php\\ext\\pdo_sqlite (The specified module could not be found.), C:\\xampp\\php\\ext\\php_pdo_sqlite.dll (The specified module could not be found.)) in Unknown on line 0
[Fri Apr 10 17:18:57.961757 2020] [mpm_winnt:notice] [pid 19696:tid 604] AH00354: Child: Starting 150 worker threads.
[Fri Apr 10 17:25:08.887660 2020] [core:error] [pid 19696:tid 1908] (20024)The given path is misformatted or contained invalid characters: [client ::1:58305] AH00127: Cannot map GET /infs3202_sample/%3Cdiv%20style= HTTP/1.1 to file, referer: http://localhost/infs3202_sample/quiz1
[Fri Apr 10 17:41:15.236954 2020] [core:error] [pid 19696:tid 1908] (20024)The given path is misformatted or contained invalid characters: [client ::1:58403] AH00127: Cannot map GET /infs3202_sample/%3Cdiv%20style= HTTP/1.1 to file, referer: http://localhost/infs3202_sample/quiz1
[Fri Apr 10 17:56:18.217893 2020] [core:error] [pid 19696:tid 1916] (20024)The given path is misformatted or contained invalid characters: [client ::1:59137] AH00127: Cannot map GET /infs3202_sample/%3Cdiv%20style= HTTP/1.1 to file, referer: http://localhost/infs3202_sample/quiz1
[Wed Apr 15 19:11:07.608523 2020] [ssl:warn] [pid 15544:tid 648] AH01909: www.example.com:443:0 server certificate does NOT include an ID which matches the server name
[Wed Apr 15 19:11:07.726023 2020] [core:warn] [pid 15544:tid 648] AH00098: pid file C:/xampp/apache/logs/httpd.pid overwritten -- Unclean shutdown of previous Apache run?
[Wed Apr 15 19:11:07.731706 2020] [ssl:warn] [pid 15544:tid 648] AH01909: www.example.com:443:0 server certificate does NOT include an ID which matches the server name
PHP Warning:  PHP Startup: Unable to load dynamic library 'pdo_sqlite' (tried: C:\\xampp\\php\\ext\\pdo_sqlite (The specified module could not be found.), C:\\xampp\\php\\ext\\php_pdo_sqlite.dll (The specified module could not be found.)) in Unknown on line 0
[Wed Apr 15 19:11:08.233883 2020] [mpm_winnt:notice] [pid 15544:tid 648] AH00455: Apache/2.4.41 (Win64) OpenSSL/1.1.1c PHP/7.4.3 configured -- resuming normal operations
[Wed Apr 15 19:11:08.234917 2020] [mpm_winnt:notice] [pid 15544:tid 648] AH00456: Apache Lounge VC15 Server built: Aug 11 2019 12:20:04
[Wed Apr 15 19:11:08.234917 2020] [core:notice] [pid 15544:tid 648] AH00094: Command line: 'c:\\xampp\\apache\\bin\\httpd.exe -d C:/xampp/apache'
[Wed Apr 15 19:11:08.253360 2020] [mpm_winnt:notice] [pid 15544:tid 648] AH00418: Parent: Created child process 12592
[Wed Apr 15 19:11:09.499375 2020] [ssl:warn] [pid 12592:tid 624] AH01909: www.example.com:443:0 server certificate does NOT include an ID which matches the server name
[Wed Apr 15 19:11:09.624679 2020] [ssl:warn] [pid 12592:tid 624] AH01909: www.example.com:443:0 server certificate does NOT include an ID which matches the server name
PHP Warning:  PHP Startup: Unable to load dynamic library 'pdo_sqlite' (tried: C:\\xampp\\php\\ext\\pdo_sqlite (The specified module could not be found.), C:\\xampp\\php\\ext\\php_pdo_sqlite.dll (The specified module could not be found.)) in Unknown on line 0
[Wed Apr 15 19:11:09.699352 2020] [mpm_winnt:notice] [pid 12592:tid 624] AH00354: Child: Starting 150 worker threads.
[Mon Apr 20 09:58:37.353894 2020] [ssl:warn] [pid 1204:tid 620] AH01909: www.example.com:443:0 server certificate does NOT include an ID which matches the server name
[Mon Apr 20 09:58:37.433679 2020] [core:warn] [pid 1204:tid 620] AH00098: pid file C:/xampp/apache/logs/httpd.pid overwritten -- Unclean shutdown of previous Apache run?
[Mon Apr 20 09:58:37.436670 2020] [ssl:warn] [pid 1204:tid 620] AH01909: www.example.com:443:0 server certificate does NOT include an ID which matches the server name
PHP Warning:  PHP Startup: Unable to load dynamic library 'pdo_sqlite' (tried: C:\\xampp\\php\\ext\\pdo_sqlite (The specified module could not be found.), C:\\xampp\\php\\ext\\php_pdo_sqlite.dll (The specified module could not be found.)) in Unknown on line 0
[Mon Apr 20 09:58:37.754360 2020] [mpm_winnt:notice] [pid 1204:tid 620] AH00455: Apache/2.4.41 (Win64) OpenSSL/1.1.1c PHP/7.4.3 configured -- resuming normal operations
[Mon Apr 20 09:58:37.754360 2020] [mpm_winnt:notice] [pid 1204:tid 620] AH00456: Apache Lounge VC15 Server built: Aug 11 2019 12:20:04
[Mon Apr 20 09:58:37.755329 2020] [core:notice] [pid 1204:tid 620] AH00094: Command line: 'c:\\xampp\\apache\\bin\\httpd.exe -d C:/xampp/apache'
[Mon Apr 20 09:58:37.766299 2020] [mpm_winnt:notice] [pid 1204:tid 620] AH00418: Parent: Created child process 11420
[Mon Apr 20 09:58:38.550012 2020] [ssl:warn] [pid 11420:tid 612] AH01909: www.example.com:443:0 server certificate does NOT include an ID which matches the server name
[Mon Apr 20 09:58:38.617831 2020] [ssl:warn] [pid 11420:tid 612] AH01909: www.example.com:443:0 server certificate does NOT include an ID which matches the server name
PHP Warning:  PHP Startup: Unable to load dynamic library 'pdo_sqlite' (tried: C:\\xampp\\php\\ext\\pdo_sqlite (The specified module could not be found.), C:\\xampp\\php\\ext\\php_pdo_sqlite.dll (The specified module could not be found.)) in Unknown on line 0
[Mon Apr 20 09:58:38.671687 2020] [mpm_winnt:notice] [pid 11420:tid 612] AH00354: Child: Starting 150 worker threads.
[Mon Apr 20 11:37:47.437752 2020] [core:error] [pid 11420:tid 1908] (20024)The given path is misformatted or contained invalid characters: [client ::1:57618] AH00127: Cannot map GET /infs3202_sample/%3C?php%20echo HTTP/1.1 to file, referer: http://localhost/infs3202_sample/Entry
[Mon Apr 20 11:37:55.475482 2020] [core:error] [pid 11420:tid 1900] (20024)The given path is misformatted or contained invalid characters: [client ::1:57619] AH00127: Cannot map GET /infs3202_sample/%3C?php%20echo HTTP/1.1 to file, referer: http://localhost/infs3202_sample/Entry
[Mon Apr 20 11:37:57.499050 2020] [core:error] [pid 11420:tid 1900] (20024)The given path is misformatted or contained invalid characters: [client ::1:57619] AH00127: Cannot map GET /infs3202_sample/%3C?php%20echo HTTP/1.1 to file, referer: http://localhost/infs3202_sample/Entry
[Mon Apr 20 11:41:18.822451 2020] [core:error] [pid 11420:tid 1900] (20024)The given path is misformatted or contained invalid characters: [client ::1:57646] AH00127: Cannot map GET /infs3202_sample/%3C?php%20echo HTTP/1.1 to file, referer: http://localhost/infs3202_sample/Entry
[Mon Apr 20 11:41:25.686070 2020] [core:error] [pid 11420:tid 1908] (20024)The given path is misformatted or contained invalid characters: [client ::1:57647] AH00127: Cannot map GET /infs3202_sample/%3C?php%20echo HTTP/1.1 to file, referer: http://localhost/infs3202_sample/Entry
[Mon Apr 20 11:41:27.104619 2020] [core:error] [pid 11420:tid 1908] (20024)The given path is misformatted or contained invalid characters: [client ::1:57647] AH00127: Cannot map GET /infs3202_sample/%3C?php%20echo HTTP/1.1 to file, referer: http://localhost/infs3202_sample/Entry
[Mon Apr 20 11:45:13.370460 2020] [core:error] [pid 11420:tid 1900] (20024)The given path is misformatted or contained invalid characters: [client ::1:57103] AH00127: Cannot map GET /infs3202_sample/%3C?php%20echo HTTP/1.1 to file, referer: http://localhost/infs3202_sample/Entry
[Mon Apr 20 11:46:58.616852 2020] [core:error] [pid 11420:tid 1908] (20024)The given path is misformatted or contained invalid characters: [client ::1:57224] AH00127: Cannot map GET /infs3202_sample/%3C?php%20echo HTTP/1.1 to file, referer: http://localhost/infs3202_sample/Entry
[Mon Apr 20 11:47:05.294898 2020] [core:error] [pid 11420:tid 1900] (20024)The given path is misformatted or contained invalid characters: [client ::1:57225] AH00127: Cannot map GET /infs3202_sample/%3C?php%20echo HTTP/1.1 to file, referer: http://localhost/infs3202_sample/Entry
[Mon Apr 20 11:49:37.553330 2020] [core:alert] [pid 11420:tid 1900] [client ::1:57276] C:/xampp/htdocs/infs3202_sample/.htaccess: <Directory not allowed here
[Mon Apr 20 11:49:54.973739 2020] [core:error] [pid 11420:tid 1908] (20024)The given path is misformatted or contained invalid characters: [client ::1:57279] AH00127: Cannot map GET /infs3202_sample/%3C?php%20echo HTTP/1.1 to file, referer: http://localhost/infs3202_sample/Entry
[Mon Apr 20 11:51:03.653720 2020] [core:error] [pid 11420:tid 1908] (20024)The given path is misformatted or contained invalid characters: [client ::1:57287] AH00127: Cannot map GET /infs3202_sample/%3C?php%20echo HTTP/1.1 to file, referer: http://localhost/infs3202_sample/Entry
[Mon Apr 20 13:55:52.295939 2020] [core:error] [pid 11420:tid 728] (20024)The given path is misformatted or contained invalid characters: [client ::1:59172] AH00127: Cannot map GET /infs3202_sample/%3C?php%20echo HTTP/1.1 to file, referer: http://localhost/infs3202_sample/Entry
[Mon Apr 20 14:00:15.949522 2020] [core:error] [pid 11420:tid 728] (20024)The given path is misformatted or contained invalid characters: [client ::1:59367] AH00127: Cannot map GET /infs3202_sample/%3C?php%20echo HTTP/1.1 to file, referer: http://localhost/infs3202_sample/Entry
[Mon Apr 20 14:00:19.825164 2020] [core:error] [pid 11420:tid 728] (20024)The given path is misformatted or contained invalid characters: [client ::1:59367] AH00127: Cannot map GET /infs3202_sample/%3C?php%20echo HTTP/1.1 to file, referer: http://localhost/infs3202_sample/Entry
[Mon Apr 20 14:00:49.366647 2020] [core:error] [pid 11420:tid 772] (20024)The given path is misformatted or contained invalid characters: [client ::1:59380] AH00127: Cannot map GET /infs3202_sample/%3C?php%20echo HTTP/1.1 to file, referer: http://localhost/infs3202_sample/Entry
[Mon Apr 20 14:00:51.720588 2020] [core:error] [pid 11420:tid 772] (20024)The given path is misformatted or contained invalid characters: [client ::1:59380] AH00127: Cannot map GET /infs3202_sample/%3C?php%20echo%20http://localhost/images/%20.%20img2.jpg%20. HTTP/1.1 to file, referer: http://localhost/infs3202_sample/Entry
[Mon Apr 20 14:00:51.721586 2020] [core:error] [pid 11420:tid 728] (20024)The given path is misformatted or contained invalid characters: [client ::1:59381] AH00127: Cannot map GET /infs3202_sample/%3C?php%20echo%20http://localhost/images/%20.%20img6.jpg%20. HTTP/1.1 to file, referer: http://localhost/infs3202_sample/Entry
[Mon Apr 20 14:00:51.797381 2020] [core:error] [pid 11420:tid 728] (20024)The given path is misformatted or contained invalid characters: [client ::1:59381] AH00127: Cannot map GET /infs3202_sample/%3C?php%20echo%20http://localhost/images/%20.%20img5.jpg%20. HTTP/1.1 to file, referer: http://localhost/infs3202_sample/Entry
[Mon Apr 20 14:00:51.797381 2020] [core:error] [pid 11420:tid 772] (20024)The given path is misformatted or contained invalid characters: [client ::1:59380] AH00127: Cannot map GET /infs3202_sample/%3C?php%20echo%20http://localhost/images/%20.%20img3.jpg%20. HTTP/1.1 to file, referer: http://localhost/infs3202_sample/Entry
[Mon Apr 20 14:00:51.799375 2020] [core:error] [pid 11420:tid 764] (20024)The given path is misformatted or contained invalid characters: [client ::1:59384] AH00127: Cannot map GET /infs3202_sample/%3C?php%20echo%20http://localhost/images/%20.%20img4.jpg%20. HTTP/1.1 to file, referer: http://localhost/infs3202_sample/Entry
[Mon Apr 20 14:00:51.799375 2020] [core:error] [pid 11420:tid 720] (20024)The given path is misformatted or contained invalid characters: [client ::1:59385] AH00127: Cannot map GET /infs3202_sample/%3C?php%20echo%20http://localhost/images/%20.%20img1.jpeg%20. HTTP/1.1 to file, referer: http://localhost/infs3202_sample/Entry
[Mon Apr 20 14:00:54.531170 2020] [core:error] [pid 11420:tid 720] (20024)The given path is misformatted or contained invalid characters: [client ::1:59385] AH00127: Cannot map GET /infs3202_sample/%3C?php%20echo%20http://localhost/images/%20.%20img1.jpeg%20. HTTP/1.1 to file, referer: http://localhost/infs3202_sample/Entry
[Mon Apr 20 14:00:55.920974 2020] [core:error] [pid 11420:tid 720] (20024)The given path is misformatted or contained invalid characters: [client ::1:59385] AH00127: Cannot map GET /infs3202_sample/%3C?php%20echo%20http://localhost/images/%20.%20img5.jpg%20. HTTP/1.1 to file, referer: http://localhost/infs3202_sample/Entry
[Mon Apr 20 14:03:11.202567 2020] [core:error] [pid 11420:tid 720] (20024)The given path is misformatted or contained invalid characters: [client ::1:59401] AH00127: Cannot map GET /infs3202_sample/%3C?php%20echo%20http://localhost/images/%20.%20Array%20. HTTP/1.1 to file, referer: http://localhost/infs3202_sample/Entry
[Mon Apr 20 14:03:32.606246 2020] [core:error] [pid 11420:tid 764] (20024)The given path is misformatted or contained invalid characters: [client ::1:59407] AH00127: Cannot map GET /infs3202_sample/%3C?php%20echo%20http://localhost/images/%20.%20img2.jpg%20. HTTP/1.1 to file, referer: http://localhost/infs3202_sample/Entry
[Mon Apr 20 14:03:32.608240 2020] [core:error] [pid 11420:tid 720] (20024)The given path is misformatted or contained invalid characters: [client ::1:59408] AH00127: Cannot map GET /infs3202_sample/%3C?php%20echo%20http://localhost/images/%20.%20img6.jpg%20. HTTP/1.1 to file, referer: http://localhost/infs3202_sample/Entry
[Mon Apr 20 14:03:32.683040 2020] [core:error] [pid 11420:tid 720] (20024)The given path is misformatted or contained invalid characters: [client ::1:59408] AH00127: Cannot map GET /infs3202_sample/%3C?php%20echo%20http://localhost/images/%20.%20img5.jpg%20. HTTP/1.1 to file, referer: http://localhost/infs3202_sample/Entry
[Mon Apr 20 14:03:32.684040 2020] [core:error] [pid 11420:tid 764] (20024)The given path is misformatted or contained invalid characters: [client ::1:59407] AH00127: Cannot map GET /infs3202_sample/%3C?php%20echo%20http://localhost/images/%20.%20img3.jpg%20. HTTP/1.1 to file, referer: http://localhost/infs3202_sample/Entry
[Mon Apr 20 14:03:32.686033 2020] [core:error] [pid 11420:tid 728] (20024)The given path is misformatted or contained invalid characters: [client ::1:59412] AH00127: Cannot map GET /infs3202_sample/%3C?php%20echo%20http://localhost/images/%20.%20img4.jpg%20. HTTP/1.1 to file, referer: http://localhost/infs3202_sample/Entry
[Mon Apr 20 14:03:32.686033 2020] [core:error] [pid 11420:tid 772] (20024)The given path is misformatted or contained invalid characters: [client ::1:59413] AH00127: Cannot map GET /infs3202_sample/%3C?php%20echo%20http://localhost/images/%20.%20img1.jpeg%20. HTTP/1.1 to file, referer: http://localhost/infs3202_sample/Entry
[Mon Apr 20 14:15:42.440362 2020] [core:error] [pid 11420:tid 728] (20024)The given path is misformatted or contained invalid characters: [client ::1:59724] AH00127: Cannot map GET /infs3202_sample/%3C?php%20echo%20http://localhost/images/%20.%20img2.jpg%20. HTTP/1.1 to file, referer: http://localhost/infs3202_sample/Entry
[Mon Apr 20 14:15:42.443352 2020] [core:error] [pid 11420:tid 720] (20024)The given path is misformatted or contained invalid characters: [client ::1:59725] AH00127: Cannot map GET /infs3202_sample/%3C?php%20echo%20http://localhost/images/%20.%20img6.jpg%20. HTTP/1.1 to file, referer: http://localhost/infs3202_sample/Entry
[Mon Apr 20 14:15:42.552100 2020] [core:error] [pid 11420:tid 720] (20024)The given path is misformatted or contained invalid characters: [client ::1:59725] AH00127: Cannot map GET /infs3202_sample/%3C?php%20echo%20http://localhost/images/%20.%20img5.jpg%20. HTTP/1.1 to file, referer: http://localhost/infs3202_sample/Entry
[Mon Apr 20 14:15:42.553093 2020] [core:error] [pid 11420:tid 728] (20024)The given path is misformatted or contained invalid characters: [client ::1:59724] AH00127: Cannot map GET /infs3202_sample/%3C?php%20echo%20http://localhost/images/%20.%20img3.jpg%20. HTTP/1.1 to file, referer: http://localhost/infs3202_sample/Entry
[Mon Apr 20 14:15:42.554094 2020] [core:error] [pid 11420:tid 772] (20024)The given path is misformatted or contained invalid characters: [client ::1:59727] AH00127: Cannot map GET /infs3202_sample/%3C?php%20echo%20http://localhost/images/%20.%20img4.jpg%20. HTTP/1.1 to file, referer: http://localhost/infs3202_sample/Entry
[Mon Apr 20 14:15:42.555087 2020] [core:error] [pid 11420:tid 764] (20024)The given path is misformatted or contained invalid characters: [client ::1:59728] AH00127: Cannot map GET /infs3202_sample/%3C?php%20echo%20http://localhost/images/%20.%20img1.jpeg%20. HTTP/1.1 to file, referer: http://localhost/infs3202_sample/Entry
[Mon Apr 20 14:16:18.030100 2020] [core:error] [pid 11420:tid 764] (20024)The given path is misformatted or contained invalid characters: [client ::1:59776] AH00127: Cannot map GET /infs3202_sample/%3C?php%20echo%20http://localhost/images/%20.%20img3.jpg%20. HTTP/1.1 to file, referer: http://localhost/infs3202_sample/Entry
[Mon Apr 20 14:19:24.423046 2020] [core:error] [pid 11420:tid 752] (20024)The given path is misformatted or contained invalid characters: [client ::1:59979] AH00127: Cannot map GET /infs3202_sample/%3C?php%20echo%20http://localhost/images/%20.%20black_bag.jpeg%20. HTTP/1.1 to file, referer: http://localhost/infs3202_sample/Entry
[Mon Apr 20 14:19:24.424043 2020] [core:error] [pid 11420:tid 720] (20024)The given path is misformatted or contained invalid characters: [client ::1:60002] AH00127: Cannot map GET /infs3202_sample/%3C?php%20echo%20http://localhost/images/%20.%20black_watch.jpeg%20. HTTP/1.1 to file, referer: http://localhost/infs3202_sample/Entry
[Mon Apr 20 14:19:24.505333 2020] [core:error] [pid 11420:tid 720] (20024)The given path is misformatted or contained invalid characters: [client ::1:60002] AH00127: Cannot map GET /infs3202_sample/%3C?php%20echo%20http://localhost/images/%20.%20black_tote_bag.jpeg%20. HTTP/1.1 to file, referer: http://localhost/infs3202_sample/Entry
[Mon Apr 20 14:19:24.505333 2020] [core:error] [pid 11420:tid 752] (20024)The given path is misformatted or contained invalid characters: [client ::1:59979] AH00127: Cannot map GET /infs3202_sample/%3C?php%20echo%20http://localhost/images/%20.%20black_shirt.jpeg%20. HTTP/1.1 to file, referer: http://localhost/infs3202_sample/Entry
[Mon Apr 20 14:19:24.506331 2020] [core:error] [pid 11420:tid 728] (20024)The given path is misformatted or contained invalid characters: [client ::1:60004] AH00127: Cannot map GET /infs3202_sample/%3C?php%20echo%20http://localhost/images/%20.%20black_top.jpeg%20. HTTP/1.1 to file, referer: http://localhost/infs3202_sample/Entry
[Mon Apr 20 14:19:24.506331 2020] [core:error] [pid 11420:tid 792] (20024)The given path is misformatted or contained invalid characters: [client ::1:60005] AH00127: Cannot map GET /infs3202_sample/%3C?php%20echo%20http://localhost/images/%20.%20beige_coat.jpeg%20. HTTP/1.1 to file, referer: http://localhost/infs3202_sample/Entry
[Mon Apr 20 14:19:30.761423 2020] [core:error] [pid 11420:tid 728] (20024)The given path is misformatted or contained invalid characters: [client ::1:60006] AH00127: Cannot map GET /infs3202_sample/%3C?php%20echo%20http://localhost/images/%20.%20beige_coat.jpeg%20. HTTP/1.1 to file, referer: http://localhost/infs3202_sample/Entry
[Mon Apr 20 14:20:59.847577 2020] [core:error] [pid 11420:tid 792] (20024)The given path is misformatted or contained invalid characters: [client ::1:60235] AH00127: Cannot map GET /infs3202_sample/%3C?php%20echo%20http://localhost/images/%20.%20black_bag.jpeg%20. HTTP/1.1 to file, referer: http://localhost/infs3202_sample/Entry
[Mon Apr 20 14:20:59.847577 2020] [core:error] [pid 11420:tid 728] (20024)The given path is misformatted or contained invalid characters: [client ::1:60236] AH00127: Cannot map GET /infs3202_sample/%3C?php%20echo%20http://localhost/images/%20.%20black_watch.jpeg%20. HTTP/1.1 to file, referer: http://localhost/infs3202_sample/Entry
[Mon Apr 20 14:20:59.934343 2020] [core:error] [pid 11420:tid 728] (20024)The given path is misformatted or contained invalid characters: [client ::1:60236] AH00127: Cannot map GET /infs3202_sample/%3C?php%20echo%20http://localhost/images/%20.%20black_tote_bag.jpeg%20. HTTP/1.1 to file, referer: http://localhost/infs3202_sample/Entry
[Mon Apr 20 14:20:59.934343 2020] [core:error] [pid 11420:tid 792] (20024)The given path is misformatted or contained invalid characters: [client ::1:60235] AH00127: Cannot map GET /infs3202_sample/%3C?php%20echo%20http://localhost/images/%20.%20black_shirt.jpeg%20. HTTP/1.1 to file, referer: http://localhost/infs3202_sample/Entry
[Mon Apr 20 14:20:59.936337 2020] [core:error] [pid 11420:tid 720] (20024)The given path is misformatted or contained invalid characters: [client ::1:60238] AH00127: Cannot map GET /infs3202_sample/%3C?php%20echo%20http://localhost/images/%20.%20black_top.jpeg%20. HTTP/1.1 to file, referer: http://localhost/infs3202_sample/Entry
[Mon Apr 20 14:20:59.941841 2020] [core:error] [pid 11420:tid 752] (20024)The given path is misformatted or contained invalid characters: [client ::1:60239] AH00127: Cannot map GET /infs3202_sample/%3C?php%20echo%20http://localhost/images/%20.%20beige_coat.jpeg%20. HTTP/1.1 to file, referer: http://localhost/infs3202_sample/Entry
[Mon Apr 20 14:21:05.187573 2020] [core:error] [pid 11420:tid 752] (20024)The given path is misformatted or contained invalid characters: [client ::1:60245] AH00127: Cannot map GET /infs3202_sample/%3C?php%20echo%20http://localhost/images/%20.%20black_shirt.jpeg%20. HTTP/1.1 to file, referer: http://localhost/infs3202_sample/Entry
[Mon Apr 20 14:21:32.854056 2020] [core:error] [pid 11420:tid 792] (20024)The given path is misformatted or contained invalid characters: [client ::1:60250] AH00127: Cannot map GET /infs3202_sample/%3C?php%20echo%20http://localhost/images/%20.%20black_bag.jpeg%20. HTTP/1.1 to file, referer: http://localhost/infs3202_sample/Entry
[Mon Apr 20 14:21:32.855053 2020] [core:error] [pid 11420:tid 752] (20024)The given path is misformatted or contained invalid characters: [client ::1:60251] AH00127: Cannot map GET /infs3202_sample/%3C?php%20echo%20http://localhost/images/%20.%20black_watch.jpeg%20. HTTP/1.1 to file, referer: http://localhost/infs3202_sample/Entry
[Mon Apr 20 14:21:33.018614 2020] [core:error] [pid 11420:tid 752] (20024)The given path is misformatted or contained invalid characters: [client ::1:60251] AH00127: Cannot map GET /infs3202_sample/%3C?php%20echo%20http://localhost/images/%20.%20black_tote_bag.jpeg%20. HTTP/1.1 to file, referer: http://localhost/infs3202_sample/Entry
[Mon Apr 20 14:21:33.019611 2020] [core:error] [pid 11420:tid 792] (20024)The given path is misformatted or contained invalid characters: [client ::1:60250] AH00127: Cannot map GET /infs3202_sample/%3C?php%20echo%20http://localhost/images/%20.%20black_shirt.jpeg%20. HTTP/1.1 to file, referer: http://localhost/infs3202_sample/Entry
[Mon Apr 20 14:21:33.021608 2020] [core:error] [pid 11420:tid 728] (20024)The given path is misformatted or contained invalid characters: [client ::1:60253] AH00127: Cannot map GET /infs3202_sample/%3C?php%20echo%20http://localhost/images/%20.%20black_top.jpeg%20. HTTP/1.1 to file, referer: http://localhost/infs3202_sample/Entry
[Mon Apr 20 14:21:33.021608 2020] [core:error] [pid 11420:tid 720] (20024)The given path is misformatted or contained invalid characters: [client ::1:60254] AH00127: Cannot map GET /infs3202_sample/%3C?php%20echo%20http://localhost/images/%20.%20beige_coat.jpeg%20. HTTP/1.1 to file, referer: http://localhost/infs3202_sample/Entry
[Mon Apr 20 15:19:00.256071 2020] [core:error] [pid 11420:tid 720] (20024)The given path is misformatted or contained invalid characters: [client ::1:61255] AH00127: Cannot map GET /infs3202_sample/%3C?php%20echo%20http://localhost/images/%20.%20black_bag.jpeg%20. HTTP/1.1 to file, referer: http://localhost/infs3202_sample/Entry
[Mon Apr 20 15:19:00.257069 2020] [core:error] [pid 11420:tid 792] (20024)The given path is misformatted or contained invalid characters: [client ::1:61256] AH00127: Cannot map GET /infs3202_sample/%3C?php%20echo%20http://localhost/images/%20.%20black_watch.jpeg%20. HTTP/1.1 to file, referer: http://localhost/infs3202_sample/Entry
[Mon Apr 20 15:19:00.348824 2020] [core:error] [pid 11420:tid 720] (20024)The given path is misformatted or contained invalid characters: [client ::1:61255] AH00127: Cannot map GET /infs3202_sample/%3C?php%20echo%20http://localhost/images/%20.%20black_tote_bag.jpeg%20. HTTP/1.1 to file, referer: http://localhost/infs3202_sample/Entry
[Mon Apr 20 15:19:00.349820 2020] [core:error] [pid 11420:tid 792] (20024)The given path is misformatted or contained invalid characters: [client ::1:61256] AH00127: Cannot map GET /infs3202_sample/%3C?php%20echo%20http://localhost/images/%20.%20black_shirt.jpeg%20. HTTP/1.1 to file, referer: http://localhost/infs3202_sample/Entry
[Mon Apr 20 15:19:00.350819 2020] [core:error] [pid 11420:tid 752] (20024)The given path is misformatted or contained invalid characters: [client ::1:61258] AH00127: Cannot map GET /infs3202_sample/%3C?php%20echo%20http://localhost/images/%20.%20black_top.jpeg%20. HTTP/1.1 to file, referer: http://localhost/infs3202_sample/Entry
[Mon Apr 20 15:19:00.351815 2020] [core:error] [pid 11420:tid 764] (20024)The given path is misformatted or contained invalid characters: [client ::1:61259] AH00127: Cannot map GET /infs3202_sample/%3C?php%20echo%20http://localhost/images/%20.%20beige_coat.jpeg%20. HTTP/1.1 to file, referer: http://localhost/infs3202_sample/Entry
[Mon Apr 20 15:42:47.958954 2020] [core:error] [pid 11420:tid 792] (20024)The given path is misformatted or contained invalid characters: [client ::1:61575] AH00127: Cannot map GET /infs3202_samplehttp://localhost/images/%20.%20black_shirt.jpeg HTTP/1.1 to file
[Mon Apr 20 15:48:41.101048 2020] [core:error] [pid 11420:tid 752] (20024)The given path is misformatted or contained invalid characters: [client ::1:61645] AH00127: Cannot map GET /infs3202_sample/%3C?php%20echo HTTP/1.1 to file, referer: http://localhost/infs3202_sample/Entry
[Mon Apr 20 15:48:44.660781 2020] [core:error] [pid 11420:tid 752] (20024)The given path is misformatted or contained invalid characters: [client ::1:61645] AH00127: Cannot map GET /infs3202_sample/%3C?php%20echo HTTP/1.1 to file, referer: http://localhost/infs3202_sample/Entry
[Mon Apr 27 10:22:24.084217 2020] [php7:error] [pid 11420:tid 720] [client ::1:55399] script 'C:/xampp/htdocs/index.php' not found or unable to stat, referer: http://localhost/infs3202_sample/Entry
[Mon Apr 27 12:36:26.679395 2020] [core:error] [pid 11420:tid 752] (20024)The given path is misformatted or contained invalid characters: [client ::1:64394] AH00127: Cannot map GET /urldecode(%22http://localhost/images/$temp%22); HTTP/1.1 to file, referer: http://localhost/Entry
[Mon Apr 27 12:54:50.171629 2020] [core:error] [pid 11420:tid 772] (20024)The given path is misformatted or contained invalid characters: [client ::1:55297] AH00127: Cannot map GET /black_bag.jpeg%3Cimg%20src= HTTP/1.1 to file, referer: http://localhost/Entry
[Mon Apr 27 12:54:50.173620 2020] [core:error] [pid 11420:tid 728] (20024)The given path is misformatted or contained invalid characters: [client ::1:55298] AH00127: Cannot map GET /black_watch.jpeg%3Cimg%20src= HTTP/1.1 to file, referer: http://localhost/Entry
[Mon Apr 27 12:54:50.177608 2020] [core:error] [pid 11420:tid 720] (20024)The given path is misformatted or contained invalid characters: [client ::1:55300] AH00127: Cannot map GET /black_tote_bag.jpeg%3Cimg%20src= HTTP/1.1 to file, referer: http://localhost/Entry
[Mon Apr 27 12:54:50.177608 2020] [core:error] [pid 11420:tid 792] (20024)The given path is misformatted or contained invalid characters: [client ::1:55301] AH00127: Cannot map GET /black_shirt.jpeg%3Cimg%20src= HTTP/1.1 to file, referer: http://localhost/Entry
[Mon Apr 27 12:54:50.177608 2020] [core:error] [pid 11420:tid 764] (20024)The given path is misformatted or contained invalid characters: [client ::1:55302] AH00127: Cannot map GET /black_top.jpeg%3Cimg%20src= HTTP/1.1 to file, referer: http://localhost/Entry
[Mon Apr 27 12:54:50.178605 2020] [core:error] [pid 11420:tid 752] (20024)The given path is misformatted or contained invalid characters: [client ::1:55303] AH00127: Cannot map GET /beigecoat.jpeg%3Cimg%20src= HTTP/1.1 to file, referer: http://localhost/Entry
[Mon Apr 27 13:02:08.482747 2020] [core:error] [pid 11420:tid 720] (20024)The given path is misformatted or contained invalid characters: [client ::1:55341] AH00127: Cannot map GET /black_bag.jpeg%3Cimg%20src= HTTP/1.1 to file, referer: http://localhost/Entry
[Mon Apr 27 13:02:08.482747 2020] [core:error] [pid 11420:tid 764] (20024)The given path is misformatted or contained invalid characters: [client ::1:55342] AH00127: Cannot map GET /black_watch.jpeg%3Cimg%20src= HTTP/1.1 to file, referer: http://localhost/Entry
[Mon Apr 27 13:02:08.487731 2020] [core:error] [pid 11420:tid 752] (20024)The given path is misformatted or contained invalid characters: [client ::1:55344] AH00127: Cannot map GET /black_tote_bag.jpeg%3Cimg%20src= HTTP/1.1 to file, referer: http://localhost/Entry
[Mon Apr 27 13:02:08.487731 2020] [core:error] [pid 11420:tid 792] (20024)The given path is misformatted or contained invalid characters: [client ::1:55345] AH00127: Cannot map GET /black_shirt.jpeg%3Cimg%20src= HTTP/1.1 to file, referer: http://localhost/Entry
[Mon Apr 27 13:02:08.487731 2020] [core:error] [pid 11420:tid 728] (20024)The given path is misformatted or contained invalid characters: [client ::1:55346] AH00127: Cannot map GET /black_top.jpeg%3Cimg%20src= HTTP/1.1 to file, referer: http://localhost/Entry
[Mon Apr 27 13:02:08.488728 2020] [core:error] [pid 11420:tid 772] (20024)The given path is misformatted or contained invalid characters: [client ::1:55347] AH00127: Cannot map GET /beigecoat.jpeg%3Cimg%20src= HTTP/1.1 to file, referer: http://localhost/Entry
[Mon Apr 27 14:19:07.269369 2020] [core:error] [pid 11420:tid 772] (20024)The given path is misformatted or contained invalid characters: [client ::1:56462] AH00127: Cannot map GET /Product%3Cdiv%20class= HTTP/1.1 to file, referer: http://localhost/Entry
[Mon Apr 27 14:21:34.353039 2020] [core:error] [pid 11420:tid 772] (20024)The given path is misformatted or contained invalid characters: [client ::1:56485] AH00127: Cannot map GET /%3Cdiv%20style=%22border:1px%20solid%20 HTTP/1.1 to file, referer: http://localhost/Product/index/60
[Mon Apr 27 14:22:53.984278 2020] [core:error] [pid 11420:tid 728] (20024)The given path is misformatted or contained invalid characters: [client ::1:56545] AH00127: Cannot map GET /%3Cdiv%20style=%22border:1px%20solid%20 HTTP/1.1 to file, referer: http://localhost/Product/index/60
[Mon Apr 27 14:23:33.694405 2020] [core:error] [pid 11420:tid 728] (20024)The given path is misformatted or contained invalid characters: [client ::1:56550] AH00127: Cannot map GET /%3Cdiv%20style=%22border:1px%20solid%20 HTTP/1.1 to file, referer: http://localhost/Product/index/60
[Mon Apr 27 14:24:41.795516 2020] [core:error] [pid 11420:tid 728] (20024)The given path is misformatted or contained invalid characters: [client ::1:56557] AH00127: Cannot map GET /%3Cdiv%20style=%22border:1px%20solid%20 HTTP/1.1 to file, referer: http://localhost/Product/index/60
[Mon Apr 27 14:26:07.308898 2020] [core:error] [pid 11420:tid 728] (20024)The given path is misformatted or contained invalid characters: [client ::1:56562] AH00127: Cannot map GET /%3Cdiv%20style=%22border:1px%20solid%20 HTTP/1.1 to file, referer: http://localhost/Product/index/60
[Mon Apr 27 14:26:27.604135 2020] [core:error] [pid 11420:tid 720] (20024)The given path is misformatted or contained invalid characters: [client ::1:56565] AH00127: Cannot map GET /%3Cdiv%20style=%22border:1px%20solid%20 HTTP/1.1 to file, referer: http://localhost/Product/index/60
[Tue Apr 28 14:51:33.179041 2020] [authz_core:error] [pid 11420:tid 728] [client ::1:63697] AH01630: client denied by server configuration: C:/xampp/htdocs/artcloud_frontend/application/controllers/Start.php
[Tue Apr 28 23:29:59.076201 2020] [core:error] [pid 11420:tid 752] (20024)The given path is misformatted or contained invalid characters: [client ::1:62525] AH00127: Cannot map GET /images/http://localhost/images/logo.png HTTP/1.1 to file, referer: http://localhost/Entry
[Tue Apr 28 23:37:58.387282 2020] [core:error] [pid 11420:tid 720] (20024)The given path is misformatted or contained invalid characters: [client ::1:62599] AH00127: Cannot map GET /images/http://localhost/images/logo.png HTTP/1.1 to file, referer: http://localhost/Entry
[Tue Apr 28 23:38:31.365979 2020] [core:error] [pid 11420:tid 720] (20024)The given path is misformatted or contained invalid characters: [client ::1:62602] AH00127: Cannot map GET /images/http://localhost/images/logo.png HTTP/1.1 to file, referer: http://localhost/Entry
[Tue Apr 28 23:40:28.442139 2020] [core:error] [pid 11420:tid 720] (20024)The given path is misformatted or contained invalid characters: [client ::1:62619] AH00127: Cannot map GET /images/http://localhost/images/logo.png HTTP/1.1 to file, referer: http://localhost/Entry
[Tue Apr 28 23:43:43.183984 2020] [core:error] [pid 11420:tid 720] (20024)The given path is misformatted or contained invalid characters: [client ::1:62638] AH00127: Cannot map GET /images/http://localhost/images/logo.png HTTP/1.1 to file, referer: http://localhost/Entry
[Tue Apr 28 23:44:26.828435 2020] [core:error] [pid 11420:tid 720] (20024)The given path is misformatted or contained invalid characters: [client ::1:62643] AH00127: Cannot map GET /images/http://localhost/images/logo.png HTTP/1.1 to file, referer: http://localhost/Entry
[Tue Apr 28 23:44:57.222466 2020] [core:error] [pid 11420:tid 752] (20024)The given path is misformatted or contained invalid characters: [client ::1:62654] AH00127: Cannot map GET /images/http://localhost/images/logo.png HTTP/1.1 to file, referer: http://localhost/Entry
[Tue Apr 28 23:45:31.199946 2020] [core:error] [pid 11420:tid 720] (20024)The given path is misformatted or contained invalid characters: [client ::1:62660] AH00127: Cannot map GET /images/http://localhost/images/logo.png HTTP/1.1 to file, referer: http://localhost/Entry
[Tue Apr 28 23:50:20.221676 2020] [core:error] [pid 11420:tid 728] (20024)The given path is misformatted or contained invalid characters: [client ::1:62709] AH00127: Cannot map GET /images/http://localhost/images/logo.png HTTP/1.1 to file, referer: http://localhost/Entry
[Tue Apr 28 23:51:28.114743 2020] [core:error] [pid 11420:tid 728] (20024)The given path is misformatted or contained invalid characters: [client ::1:62710] AH00127: Cannot map GET /images/http://localhost/images/logo.png HTTP/1.1 to file, referer: http://localhost/Entry
[Tue Apr 28 23:52:37.901535 2020] [core:error] [pid 11420:tid 720] (20024)The given path is misformatted or contained invalid characters: [client ::1:62722] AH00127: Cannot map GET /images/http://localhost/images/logo.png HTTP/1.1 to file, referer: http://localhost/Entry
[Tue Apr 28 23:53:14.485547 2020] [core:error] [pid 11420:tid 720] (20024)The given path is misformatted or contained invalid characters: [client ::1:62723] AH00127: Cannot map GET /images/http://localhost/images/logo.png HTTP/1.1 to file, referer: http://localhost/Entry
[Tue Apr 28 23:53:42.914911 2020] [core:error] [pid 11420:tid 720] (20024)The given path is misformatted or contained invalid characters: [client ::1:62729] AH00127: Cannot map GET /images/http://localhost/images/logo.png HTTP/1.1 to file, referer: http://localhost/Entry
[Tue Apr 28 23:54:47.255032 2020] [core:error] [pid 11420:tid 720] (20024)The given path is misformatted or contained invalid characters: [client ::1:62740] AH00127: Cannot map GET /images/http://localhost/images/logo.png HTTP/1.1 to file, referer: http://localhost/Entry
[Tue Apr 28 23:55:13.381220 2020] [core:error] [pid 11420:tid 720] (20024)The given path is misformatted or contained invalid characters: [client ::1:62762] AH00127: Cannot map GET /images/http://localhost/images/logo.png HTTP/1.1 to file, referer: http://localhost/Entry
[Tue Apr 28 23:58:49.877208 2020] [core:error] [pid 11420:tid 720] (20024)The given path is misformatted or contained invalid characters: [client ::1:62832] AH00127: Cannot map GET /images/http://localhost/images/logo.png HTTP/1.1 to file, referer: http://localhost/Entry
[Wed Apr 29 00:00:31.717251 2020] [core:error] [pid 11420:tid 720] (20024)The given path is misformatted or contained invalid characters: [client ::1:62843] AH00127: Cannot map GET /images/http://localhost/images/logo.png HTTP/1.1 to file, referer: http://localhost/Entry
[Mon May 18 08:45:35.339351 2020] [ssl:warn] [pid 18600:tid 768] AH01909: www.example.com:443:0 server certificate does NOT include an ID which matches the server name
[Mon May 18 08:45:35.415149 2020] [core:warn] [pid 18600:tid 768] AH00098: pid file C:/xampp/apache/logs/httpd.pid overwritten -- Unclean shutdown of previous Apache run?
[Mon May 18 08:45:35.418140 2020] [ssl:warn] [pid 18600:tid 768] AH01909: www.example.com:443:0 server certificate does NOT include an ID which matches the server name
PHP Warning:  PHP Startup: Unable to load dynamic library 'pdo_sqlite' (tried: C:\\xampp\\php\\ext\\pdo_sqlite (The specified module could not be found.), C:\\xampp\\php\\ext\\php_pdo_sqlite.dll (The specified module could not be found.)) in Unknown on line 0
[Mon May 18 08:45:35.733299 2020] [mpm_winnt:notice] [pid 18600:tid 768] AH00455: Apache/2.4.41 (Win64) OpenSSL/1.1.1c PHP/7.4.3 configured -- resuming normal operations
[Mon May 18 08:45:35.733299 2020] [mpm_winnt:notice] [pid 18600:tid 768] AH00456: Apache Lounge VC15 Server built: Aug 11 2019 12:20:04
[Mon May 18 08:45:35.733299 2020] [core:notice] [pid 18600:tid 768] AH00094: Command line: 'c:\\xampp\\apache\\bin\\httpd.exe -d C:/xampp/apache'
[Mon May 18 08:45:35.747261 2020] [mpm_winnt:notice] [pid 18600:tid 768] AH00418: Parent: Created child process 22328
[Mon May 18 08:45:36.870943 2020] [ssl:warn] [pid 22328:tid 608] AH01909: www.example.com:443:0 server certificate does NOT include an ID which matches the server name
[Mon May 18 08:45:36.939759 2020] [ssl:warn] [pid 22328:tid 608] AH01909: www.example.com:443:0 server certificate does NOT include an ID which matches the server name
PHP Warning:  PHP Startup: Unable to load dynamic library 'pdo_sqlite' (tried: C:\\xampp\\php\\ext\\pdo_sqlite (The specified module could not be found.), C:\\xampp\\php\\ext\\php_pdo_sqlite.dll (The specified module could not be found.)) in Unknown on line 0
[Mon May 18 08:45:36.988628 2020] [mpm_winnt:notice] [pid 22328:tid 608] AH00354: Child: Starting 150 worker threads.
